Build started 17/12/2014 00:24:40.
     1>Project "C:\Users\stephen\Documents\GitHub\Cirno-s-Castle\Cirno's Castle\Cirno's Castle\Cirno's Castle.vcxproj" on node 2 (Build target(s)).
     1>ClCompile:
         C:\Program Files\Microsoft Visual Studio 12.0\VC\bin\CL.exe /c /I"C:\Users\stephen\Documents\Visual Studio 2013\Projects\Cirno's Castle\Cirno's Castle\glm" /I"C:\Program Files\glew-1.9.0\include" /I"C:\Program Files\freeglut\include" /I"C:\Users\stephen\Documents\Visual Studio 2013\Projects\Cirno's Castle\Cirno's Castle\OpenAL" /ZI /nologo /W3 /WX- /sdl /Od /Oy- /D _MBCS /Gm /EHsc /RTC1 /MDd /GS /fp:precise /Zc:wchar_t /Zc:forScope /Fo"Debug\\" /Fd"Debug\vc120.pdb" /Gd /TP /analyze- /errorReport:prompt "..\..\Cirno's Castle\Cirno's Castle\cEnemy.cpp" "..\..\Cirno's Castle\Cirno's Castle\cLaser.cpp" "..\..\Cirno's Castle\Cirno's Castle\cModel.cpp" "..\..\Cirno's Castle\Cirno's Castle\cModelLoader.cpp" "..\..\Cirno's Castle\Cirno's Castle\cPlayer.cpp" "..\..\Cirno's Castle\Cirno's Castle\cSound.cpp" "..\..\Cirno's Castle\Cirno's Castle\cWNDManager.cpp" "..\..\Cirno's Castle\Cirno's Castle\GameConstants.cpp" "..\..\Cirno's Castle\Cirno's Castle\main.cpp" "..\..\Cirno's Castle\Cirno's Castle\windowOGL.cpp"
         windowOGL.cpp
         main.cpp
     1>c:\users\stephen\documents\github\cirno-s-castle\cirno's castle\cirno's castle\main.cpp(66): warning C4244: 'argument' : conversion from 'time_t' to 'unsigned int', possible loss of data
     1>c:\users\stephen\documents\github\cirno-s-castle\cirno's castle\cirno's castle\main.cpp(131): warning C4305: 'argument' : truncation from 'int' to 'ALboolean'
     1>c:\users\stephen\documents\github\cirno-s-castle\cirno's castle\cirno's castle\main.cpp(131): warning C4309: 'argument' : truncation of constant value
         GameConstants.cpp
         cWNDManager.cpp
         cSound.cpp
         cPlayer.cpp
         cModelLoader.cpp
         cModel.cpp
         cLaser.cpp
         cEnemy.cpp
         Generating Code...
       Link:
         C:\Program Files\Microsoft Visual Studio 12.0\VC\bin\link.exe /ERRORREPORT:PROMPT /OUT:"C:\Users\stephen\Documents\GitHub\Cirno-s-Castle\Cirno's Castle\Debug\Cirno's Castle.exe" /INCREMENTAL /NOLOGO /LIBPATH:"C:\Program Files\freeglut\lib" /LIBPATH:"C:\Program Files\glew-1.9.0\lib" glew32.lib freetype.lib "glm-0.3.2Lib.lib" libdrawtext.lib OpenAL32.lib alut.lib kernel32.lib user32.lib gdi32.lib winspool.lib comdlg32.lib advapi32.lib shell32.lib ole32.lib oleaut32.lib uuid.lib odbc32.lib odbccp32.lib /MANIFEST /MANIFESTUAC:"level='asInvoker' uiAccess='false'" /manifest:embed /DEBUG /PDB:"C:\Users\stephen\Documents\GitHub\Cirno-s-Castle\Cirno's Castle\Debug\Cirno's Castle.pdb" /TLBID:1 /DYNAMICBASE /NXCOMPAT /IMPLIB:"C:\Users\stephen\Documents\GitHub\Cirno-s-Castle\Cirno's Castle\Debug\Cirno's Castle.lib" /MACHINE:X86 Debug\cEnemy.obj
         Debug\cLaser.obj
         Debug\cModel.obj
         Debug\cModelLoader.obj
         Debug\cPlayer.obj
         Debug\cSound.obj
         Debug\cWNDManager.obj
         Debug\GameConstants.obj
         Debug\main.obj
         Debug\windowOGL.obj
     1>glm-0.3.2Lib.lib(glm.obj) : warning LNK4099: PDB 'vc120.pdb' was not found with 'glm-0.3.2Lib.lib(glm.obj)' or at 'C:\Users\stephen\Documents\GitHub\Cirno-s-Castle\Cirno's Castle\Debug\vc120.pdb'; linking object as if no debug info
     1>glm-0.3.2Lib.lib(glmimg.obj) : warning LNK4099: PDB 'vc120.pdb' was not found with 'glm-0.3.2Lib.lib(glmimg.obj)' or at 'C:\Users\stephen\Documents\GitHub\Cirno-s-Castle\Cirno's Castle\Debug\vc120.pdb'; linking object as if no debug info
     1>glm-0.3.2Lib.lib(glm_util.obj) : warning LNK4099: PDB 'vc120.pdb' was not found with 'glm-0.3.2Lib.lib(glm_util.obj)' or at 'C:\Users\stephen\Documents\GitHub\Cirno-s-Castle\Cirno's Castle\Debug\vc120.pdb'; linking object as if no debug info
     1>libdrawtext.lib(drawgl.obj) : warning LNK4099: PDB 'vc120.pdb' was not found with 'libdrawtext.lib(drawgl.obj)' or at 'C:\Users\stephen\Documents\GitHub\Cirno-s-Castle\Cirno's Castle\Debug\vc120.pdb'; linking object as if no debug info
     1>libdrawtext.lib(font.obj) : warning LNK4099: PDB 'vc120.pdb' was not found with 'libdrawtext.lib(font.obj)' or at 'C:\Users\stephen\Documents\GitHub\Cirno-s-Castle\Cirno's Castle\Debug\vc120.pdb'; linking object as if no debug info
     1>libdrawtext.lib(utf8.obj) : warning LNK4099: PDB 'vc120.pdb' was not found with 'libdrawtext.lib(utf8.obj)' or at 'C:\Users\stephen\Documents\GitHub\Cirno-s-Castle\Cirno's Castle\Debug\vc120.pdb'; linking object as if no debug info
         Cirno's Castle.vcxproj -> C:\Users\stephen\Documents\GitHub\Cirno-s-Castle\Cirno's Castle\Debug\Cirno's Castle.exe
     1>Done Building Project "C:\Users\stephen\Documents\GitHub\Cirno-s-Castle\Cirno's Castle\Cirno's Castle\Cirno's Castle.vcxproj" (Build target(s)).

Build succeeded.

Time Elapsed 00:00:18.30
