c:\users\stephen\documents\visual studio 2013\projects\cirno's castle\cirno's castle\debug\vc120.pdb
c:\users\stephen\documents\visual studio 2013\projects\cirno's castle\cirno's castle\debug\vc120.idb
c:\users\stephen\documents\visual studio 2013\projects\cirno's castle\cirno's castle\debug\cenemy.obj
c:\users\stephen\documents\visual studio 2013\projects\cirno's castle\cirno's castle\debug\claser.obj
c:\users\stephen\documents\visual studio 2013\projects\cirno's castle\cirno's castle\debug\cmodel.obj
c:\users\stephen\documents\visual studio 2013\projects\cirno's castle\cirno's castle\debug\cmodelloader.obj
c:\users\stephen\documents\visual studio 2013\projects\cirno's castle\cirno's castle\debug\cplayer.obj
c:\users\stephen\documents\visual studio 2013\projects\cirno's castle\cirno's castle\debug\csound.obj
c:\users\stephen\documents\visual studio 2013\projects\cirno's castle\cirno's castle\debug\cwndmanager.obj
c:\users\stephen\documents\visual studio 2013\projects\cirno's castle\cirno's castle\debug\gameconstants.obj
c:\users\stephen\documents\visual studio 2013\projects\cirno's castle\cirno's castle\debug\main.obj
c:\users\stephen\documents\visual studio 2013\projects\cirno's castle\cirno's castle\debug\windowogl.obj
c:\users\stephen\documents\visual studio 2013\projects\cirno's castle\debug\cirno's castle.ilk
c:\users\stephen\documents\visual studio 2013\projects\cirno's castle\debug\cirno's castle.exe
c:\users\stephen\documents\visual studio 2013\projects\cirno's castle\debug\cirno's castle.pdb
c:\users\stephen\documents\visual studio 2013\projects\cirno's castle\cirno's castle\debug\cirno's castle.tlog\cl.command.1.tlog
c:\users\stephen\documents\visual studio 2013\projects\cirno's castle\cirno's castle\debug\cirno's castle.tlog\cl.read.1.tlog
c:\users\stephen\documents\visual studio 2013\projects\cirno's castle\cirno's castle\debug\cirno's castle.tlog\cl.write.1.tlog
c:\users\stephen\documents\visual studio 2013\projects\cirno's castle\cirno's castle\debug\cirno's castle.tlog\link.command.1.tlog
c:\users\stephen\documents\visual studio 2013\projects\cirno's castle\cirno's castle\debug\cirno's castle.tlog\link.read.1.tlog
c:\users\stephen\documents\visual studio 2013\projects\cirno's castle\cirno's castle\debug\cirno's castle.tlog\link.write.1.tlog
